
Cadence Innovus(TM) Implementation System.
Copyright 2018 Cadence Design Systems, Inc. All rights reserved worldwide.

Version:	v18.10-p002_1, built Tue May 29 19:19:55 PDT 2018
Options:	
Date:		Wed Nov  2 18:29:54 2022
Host:		zach-127-24.engr.tamu.edu (x86_64 w/Linux 3.10.0-1160.76.1.el7.x86_64) (6cores*12cpus*Intel(R) Core(TM) i7-8700T CPU @ 2.40GHz 12288KB)
OS:		CentOS Linux release 7.9.2009 (Core)

License:
		invs	Innovus Implementation System	18.1	checkout succeeded
		8 CPU jobs allowed with the current license(s). Use setMultiCpuUsage to set your required CPU count.
Change the soft stacksize limit to 0.2%RAM (31 mbytes). Set global soft_stack_size_limit to change the value.

**INFO:  MMMC transition support version v31-84 

<CMD> set_global _enable_mmmc_by_default_flow      $CTE::mmmc_default
<CMD> suppressMessage ENCEXT-2799
<CMD> win
In 14.* and later releases assign nets are handled natively in Innovus. 'set init_assign_buffer {1 -buffer }' will no longer convert assigns to buffers. 'set init_remove_assigns 1' can be used in addition to 'set init_assign_buffer {1 -buffer }' if this conversion is needed. Alternatively, 'remove_assigns' command can be used to remove assign nets in the design without adding buffers.
**WARN: (IMPSYC-6163):	Command 'setDoAssign' is obsolete and will be made private and will be unsupported in future release. To avoid this warning, please remove the obsolete command from your script.
**ERROR: (IMPSYT-16088):	Specify the name of Library Set.
<CMD> init_design
**WARN: (IMPSYC-6163):	Command 'setDoAssign' is obsolete and will be made private and will be unsupported in future release. To avoid this warning, please remove the obsolete command from your script.

Loading LEF file iit018_stdcells.lef ...
**WARN: (IMPLF-108):	There is no overlap layer defined in any LEF file
so you are unable to create rectilinear partition in a hierarchical flow.
Set DBUPerIGU to M2 pitch 800.

viaInitial starts at Wed Nov  2 18:34:44 2022
**WARN: (IMPPP-557):	A single-layer VIARULE GENERATE for turn-vias is obsolete and is being ignored. Remove this statement from the technology file: VIARULE TURN1 GENERATE.
Type 'man IMPPP-557' for more detail.
**WARN: (IMPPP-557):	A single-layer VIARULE GENERATE for turn-vias is obsolete and is being ignored. Remove this statement from the technology file: VIARULE TURN2 GENERATE.
Type 'man IMPPP-557' for more detail.
**WARN: (IMPPP-557):	A single-layer VIARULE GENERATE for turn-vias is obsolete and is being ignored. Remove this statement from the technology file: VIARULE TURN3 GENERATE.
Type 'man IMPPP-557' for more detail.
**WARN: (IMPPP-557):	A single-layer VIARULE GENERATE for turn-vias is obsolete and is being ignored. Remove this statement from the technology file: VIARULE TURN4 GENERATE.
Type 'man IMPPP-557' for more detail.
**WARN: (IMPPP-557):	A single-layer VIARULE GENERATE for turn-vias is obsolete and is being ignored. Remove this statement from the technology file: VIARULE TURN5 GENERATE.
Type 'man IMPPP-557' for more detail.
**WARN: (IMPPP-557):	A single-layer VIARULE GENERATE for turn-vias is obsolete and is being ignored. Remove this statement from the technology file: VIARULE TURN6 GENERATE.
Type 'man IMPPP-557' for more detail.
viaInitial ends at Wed Nov  2 18:34:44 2022
*** End library_loading (cpu=0.00min, real=0.00min, mem=0.0M, fe_cpu=1.49min, fe_real=4.83min, fe_mem=597.2M) ***
#% Begin Load netlist data ... (date=11/02 18:34:44, mem=462.6M)
*** Begin netlist parsing (mem=597.2M) ***
Created 0 new cells from 0 timing libraries.
Reading netlist ...
Backslashed names will retain backslash and a trailing blank character.
Reading verilog netlist 'cruisecontrol_netlist.v'

*** Memory Usage v#1 (Current mem = 600.152M, initial mem = 259.492M) ***
*** End netlist parsing (cpu=0:00:00.0, real=0:00:00.0, mem=600.2M) ***
#% End Load netlist data ... (date=11/02 18:34:44, total cpu=0:00:00.0, real=0:00:00.0, peak res=465.8M, current mem=465.8M)
Set top cell to cruisecontrol.
Hooked 0 DB cells to tlib cells.
Starting recursive module instantiation check.
No recursion found.
Building hierarchical netlist for Cell cruisecontrol ...
*** Netlist is unique.
** info: there are 36 modules.
** info: there are 302 stdCell insts.

*** Memory Usage v#1 (Current mem = 624.574M, initial mem = 259.492M) ***
*info: set bottom ioPad orient R0
Horizontal Layer M1 offset = 500 (guessed)
Vertical Layer M2 offset = 400 (derived)
Suggestion: specify LAYER OFFSET in LEF file
Reason: hard to extract LAYER OFFSET from standard cells
Generated pitch 1.2 in metal6 is different from 1.6 defined in technology file in preferred direction.
Set Default Net Delay as 1000 ps.
Set Default Net Load as 0.5 pF. 
Set Default Input Pin Transition as 120 ps.
**WARN: (IMPOPT-3465):	The buffer cells were automatically identified. The command setBufFootPrint is ignored. If you want to force the tool to honor this setting, you have to load a footprint file through the loadFootPrint command.
Type 'man IMPOPT-3465' for more detail.
**WARN: (IMPOPT-3466):	The inverter cells were automatically identified. The command setInvFootPrint is ignored. If you want to force the tool to honor this setting, you have to load a footprint file through the loadFootPrint command.
Type 'man IMPOPT-3466' for more detail.
**WARN: (IMPOPT-3467):	The delay cells were automatically identified. The command setDelayFootPrint is ignored. If you want to force the tool to honor this setting, you have to load a footprint file through the loadFootPrint command.
Type 'man IMPOPT-3467' for more detail.
**WARN: (IMPSYT-7328):	The design has been initialized in physical-only mode because the init_mmmc_file global variable was not defined. Timing analysis will not be possible within this session. You can only use commands that do not depend on timing data. If you need to use timing, you need to restart with an init_mmmc_file to define the timing setup, or you can save this design and use restoreDesign -mmmc_file <viewDef.tcl> to add the timing setup information.
Extraction setup Started 

*** Summary of all messages that are not suppressed in this session:
Severity  ID               Count  Summary                                  
WARNING   IMPLF-108            1  There is no overlap layer defined in any...
WARNING   IMPSYT-7328          1  The design has been initialized in physi...
WARNING   IMPSYC-6163          1  Command '%s' is obsolete and will be mad...
WARNING   IMPPP-557            6  A single-layer VIARULE GENERATE for turn...
WARNING   IMPOPT-3467          1  The delay cells were automatically ident...
WARNING   IMPOPT-3466          1  The inverter cells were automatically id...
WARNING   IMPOPT-3465          1  The buffer cells were automatically iden...
*** Message Summary: 12 warning(s), 0 error(s)

<CMD> getIoFlowFlag
<CMD> setIoFlowFlag 0
<CMD> floorPlan -site core -r 0.9 0.7 30 30 30 30
Horizontal Layer M1 offset = 500 (guessed)
Vertical Layer M2 offset = 400 (derived)
Suggestion: specify LAYER OFFSET in LEF file
Reason: hard to extract LAYER OFFSET from standard cells
Generated pitch 1.2 in metal6 is different from 1.6 defined in technology file in preferred direction.
**WARN: (IMPFP-325):	Floorplan of the design is resized. All current floorplan objects are automatically derived based on specified new floorplan. This may change blocks, fixed standard cells, existing routes and blockages.
<CMD> uiSetTool select
<CMD> getIoFlowFlag
<CMD> fit
<CMD> set sprCreateIeRingOffset 1.0
<CMD> set sprCreateIeRingThreshold 1.0
<CMD> set sprCreateIeRingJogDistance 1.0
<CMD> set sprCreateIeRingLayers {}
<CMD> set sprCreateIeRingOffset 1.0
<CMD> set sprCreateIeRingThreshold 1.0
<CMD> set sprCreateIeRingJogDistance 1.0
<CMD> set sprCreateIeRingLayers {}
<CMD> set sprCreateIeStripeWidth 10.0
<CMD> set sprCreateIeStripeThreshold 1.0
<CMD> set sprCreateIeStripeWidth 10.0
<CMD> set sprCreateIeStripeThreshold 1.0
<CMD> set sprCreateIeRingOffset 1.0
<CMD> set sprCreateIeRingThreshold 1.0
<CMD> set sprCreateIeRingJogDistance 1.0
<CMD> set sprCreateIeRingLayers {}
<CMD> set sprCreateIeStripeWidth 10.0
<CMD> set sprCreateIeStripeThreshold 1.0
<CMD> setAddRingMode -ring_target default -extend_over_row 0 -ignore_rows 0 -avoid_short 0 -skip_crossing_trunks none -stacked_via_top_layer metal6 -stacked_via_bottom_layer metal1 -via_using_exact_crossover_size 1 -orthogonal_only true -skip_via_on_pin {  standardcell } -skip_via_on_wire_shape {  noshape }
The ring targets are set to core/block ring wires.
addRing command will consider rows while creating rings.
addRing command will disallow rings to go over rows.
addRing command will ignore shorts while creating rings.
<CMD> addRing -nets {} -type core_rings -follow core -layer {top metal3 bottom metal3 left metal2 right metal2} -width {top 10 bottom 10 left 10 right 10} -spacing {top .5 bottom .5 left .5 right .5} -offset {top 1.8 bottom 1.8 left 1.8 right 1.8} -center 1 -extend_corner {} -threshold 0 -jog_distance 0 -snap_wire_center_to_grid None

**ERROR: Error: Invalid net names specified. 
<CMD> setAddRingMode -ring_target default -extend_over_row 0 -ignore_rows 0 -avoid_short 0 -skip_crossing_trunks none -stacked_via_top_layer metal6 -stacked_via_bottom_layer metal1 -via_using_exact_crossover_size 1 -orthogonal_only true -skip_via_on_pin {  standardcell } -skip_via_on_wire_shape {  noshape }
The ring targets are set to core/block ring wires.
addRing command will consider rows while creating rings.
addRing command will disallow rings to go over rows.
addRing command will ignore shorts while creating rings.
<CMD> addRing -nets {gnd vdd} -type core_rings -follow core -layer {top metal3 bottom metal3 left metal2 right metal2} -width {top 10 bottom 10 left 10 right 10} -spacing {top 0.5 bottom 0.5 left 0.5 right 0.5} -offset {top 1.8 bottom 1.8 left 1.8 right 1.8} -center 1 -extend_corner {} -threshold 0 -jog_distance 0 -snap_wire_center_to_grid None

Ring generation is complete.
vias are now being generated.
addRing created 8 wires.
ViaGen created 8 vias, deleted 0 via to avoid violation.
+--------+----------------+----------------+
|  Layer |     Created    |     Deleted    |
+--------+----------------+----------------+
| metal2 |        4       |       NA       |
|  via2  |        8       |        0       |
| metal3 |        4       |       NA       |
+--------+----------------+----------------+
<CMD> set sprCreateIeRingOffset 1.0
<CMD> set sprCreateIeRingThreshold 1.0
<CMD> set sprCreateIeRingJogDistance 1.0
<CMD> set sprCreateIeRingLayers {}
<CMD> set sprCreateIeRingOffset 1.0
<CMD> set sprCreateIeRingThreshold 1.0
<CMD> set sprCreateIeRingJogDistance 1.0
<CMD> set sprCreateIeRingLayers {}
<CMD> set sprCreateIeStripeWidth 10.0
<CMD> set sprCreateIeStripeThreshold 1.0
<CMD> set sprCreateIeStripeWidth 10.0
<CMD> set sprCreateIeStripeThreshold 1.0
<CMD> set sprCreateIeRingOffset 1.0
<CMD> set sprCreateIeRingThreshold 1.0
<CMD> set sprCreateIeRingJogDistance 1.0
<CMD> set sprCreateIeRingLayers {}
<CMD> set sprCreateIeStripeWidth 10.0
<CMD> set sprCreateIeStripeThreshold 1.0
<CMD> setAddStripeMode -ignore_block_check false -break_at none -route_over_rows_only false -rows_without_stripes_only false -extend_to_closest_target none -stop_at_last_wire_for_area false -partial_set_thru_domain false -ignore_nondefault_domains false -trim_antenna_back_to_shape none -spacing_type edge_to_edge -spacing_from_block 0 -stripe_min_length stripe_width -stacked_via_top_layer metal6 -stacked_via_bottom_layer metal1 -via_using_exact_crossover_size false -split_vias false -orthogonal_only true -allow_jog { padcore_ring  block_ring } -skip_via_on_pin {  standardcell } -skip_via_on_wire_shape {  noshape   }
addStripe will allow jog to connect padcore ring and block ring.

Stripes will stop at the boundary of the specified area.
When breaking rings, the power planner will consider the existence of blocks.
Stripes will not extend to closest target.
The power planner will set stripe antenna targets to none (no trimming allowed).
Stripes will not be created over regions without power planning wires.
The entire stripe set will break at the domain if one of the nets is not in the domain.
addStripe will break automatically at non-default domains when generating global stripes over the core area or default domain.
Offset for stripe breaking is set to 0.
<CMD> addStripe -nets {gnd vdd} -layer metal2 -direction vertical -width 5 -spacing 0.5 -set_to_set_distance 100 -start_from left -start_offset 70 -switch_layer_over_obs false -max_same_layer_jog_length 2 -padcore_ring_top_layer_limit metal6 -padcore_ring_bottom_layer_limit metal1 -block_ring_top_layer_limit metal6 -block_ring_bottom_layer_limit metal1 -use_wire_group 0 -snap_wire_center_to_grid None

Starting stripe generation ...
Non-Default Mode Option Settings :
  NONE
Stripe generation is complete.
vias are now being generated.
addStripe created 2 wires.
ViaGen created 4 vias, deleted 0 via to avoid violation.
+--------+----------------+----------------+
|  Layer |     Created    |     Deleted    |
+--------+----------------+----------------+
| metal2 |        2       |       NA       |
|  via2  |        4       |        0       |
+--------+----------------+----------------+
<CMD> setDrawView place
<CMD> setDrawView place
<CMD> setSrouteMode -viaConnectToShape { noshape }
<CMD> sroute -connect { blockPin padPin padRing corePin floatingStripe } -layerChangeRange { metal1(1) metal6(6) } -blockPinTarget { nearestTarget } -padPinPortConnect { allPort oneGeom } -padPinTarget { nearestTarget } -corePinTarget { firstAfterRowEnd } -floatingStripeTarget { blockring padring ring stripe ringpin blockpin followpin } -allowJogging 1 -crossoverViaLayerRange { metal1(1) metal6(6) } -allowLayerChange 1 -blockPin useLef -targetViaLayerRange { metal1(1) metal6(6) }
*** Begin SPECIAL ROUTE on Wed Nov  2 18:41:25 2022 ***
SPECIAL ROUTE ran on directory: /home/grads/a/acoskuner500/cadence/synthesis/cru_con
SPECIAL ROUTE ran on machine: zach-127-24.engr.tamu.edu (Linux 3.10.0-1160.76.1.el7.x86_64 x86_64 900Mhz)

Begin option processing ...
srouteConnectPowerBump set to false
routeSpecial set to true
srouteBlockPin set to "useLef"
srouteBottomLayerLimit set to 1
srouteBottomTargetLayerLimit set to 1
srouteConnectConverterPin set to false
srouteCrossoverViaBottomLayer set to 1
srouteCrossoverViaTopLayer set to 6
srouteFloatingStripeTarget set to "blockring padring ring stripe ringpin blockpin followpin"
srouteFollowCorePinEnd set to 3
srouteJogControl set to "preferWithChanges differentLayer"
srouteNoViaOnWireShape set to "padring ring stripe blockring blockpin coverpin blockwire corewire followpin iowire"
sroutePadPinAllPorts set to true
sroutePreserveExistingRoutes set to true
srouteRoutePowerBarPortOnBothDir set to true
srouteStopBlockPin set to "nearestTarget"
srouteTopLayerLimit set to 6
srouteTopTargetLayerLimit set to 6
End option processing: cpu: 0:00:00, real: 0:00:00, peak: 1586.00 megs.

Reading DB technology information...
Finished reading DB technology information.
Reading floorplan and netlist information...
Finished reading floorplan and netlist information.
Read in 12 layers, 6 routing layers, 0 overlap layer
Read in 33 macros, 17 used
Read in 17 components
  17 core components: 17 unplaced, 0 placed, 0 fixed
Read in 26 logical pins
Read in 26 nets
Read in 2 special nets, 2 routed
Begin power routing ...
**WARN: (IMPSR-1253):	Cannot find any standard cell pin connected to net vdd.
Run globalNetConnect command or change CPF file to make sure that the netlist reflects the correct power ground connections. The standard cell pins must be defined as 'USE POWER' or 'USE GROUND'.
**WARN: (IMPSR-1254):	Cannot find any block pin of net vdd. Check netlist, or change option to include the pin.
**WARN: (IMPSR-1256):	Cannot find any CORE class pad pin of net vdd. Change routing area or layer to include the expected pin, or check netlist, or change port class in the technology file.
Type 'man IMPSR-1256' for more detail.
Cannot find any AREAIO class pad pin of net vdd. Check net list, or change port class in the technology file, or change option to include pin in given range.
**WARN: (IMPSR-1253):	Cannot find any standard cell pin connected to net gnd.
Run globalNetConnect command or change CPF file to make sure that the netlist reflects the correct power ground connections. The standard cell pins must be defined as 'USE POWER' or 'USE GROUND'.
**WARN: (IMPSR-1254):	Cannot find any block pin of net gnd. Check netlist, or change option to include the pin.
**WARN: (IMPSR-1256):	Cannot find any CORE class pad pin of net gnd. Change routing area or layer to include the expected pin, or check netlist, or change port class in the technology file.
Type 'man IMPSR-1256' for more detail.
Cannot find any AREAIO class pad pin of net gnd. Check net list, or change port class in the technology file, or change option to include pin in given range.
**WARN: (IMPSR-468):	Cannot find any standard cell pin connected to net vdd.
Use setSrouteMode -corePinReferenceMacro <standard cell> to specify a reference macro for followpin connection, or run globalNetConnect command or change CPF file to make sure that the netlist reflects the correct power ground connections. The standard cell pins must be defined as "USE POWER" or "USE GROUND".
**WARN: (IMPSR-468):	Cannot find any standard cell pin connected to net vdd.
Use setSrouteMode -corePinReferenceMacro <standard cell> to specify a reference macro for followpin connection, or run globalNetConnect command or change CPF file to make sure that the netlist reflects the correct power ground connections. The standard cell pins must be defined as "USE POWER" or "USE GROUND".
CPU time for FollowPin 0 seconds
**WARN: (IMPSR-468):	Cannot find any standard cell pin connected to net gnd.
Use setSrouteMode -corePinReferenceMacro <standard cell> to specify a reference macro for followpin connection, or run globalNetConnect command or change CPF file to make sure that the netlist reflects the correct power ground connections. The standard cell pins must be defined as "USE POWER" or "USE GROUND".
**WARN: (IMPSR-468):	Cannot find any standard cell pin connected to net gnd.
Use setSrouteMode -corePinReferenceMacro <standard cell> to specify a reference macro for followpin connection, or run globalNetConnect command or change CPF file to make sure that the netlist reflects the correct power ground connections. The standard cell pins must be defined as "USE POWER" or "USE GROUND".
CPU time for FollowPin 0 seconds
  Number of IO ports routed: 0
  Number of Block ports routed: 0
  Number of Stripe ports routed: 0
  Number of Core ports routed: 24
  Number of Pad ports routed: 0
  Number of Power Bump ports routed: 0
  Number of Followpin connections: 12
End power routing: cpu: 0:00:00, real: 0:00:00, peak: 1597.00 megs.



 Begin updating DB with routing results ...
 Updating DB with 0 via definition ...Extracting standard cell pins and blockage ...... 
Pin and blockage extraction finished

sroute created 36 wires.
ViaGen created 24 vias, deleted 0 via to avoid violation.
+--------+----------------+----------------+
|  Layer |     Created    |     Deleted    |
+--------+----------------+----------------+
| metal1 |       36       |       NA       |
|   via  |       24       |        0       |
+--------+----------------+----------------+
<CMD> setPlaceMode -fp false
<CMD> place_design
**WARN: (IMPSP-9513):	Timing constraint file does not exist
**WARN: (IMPSP-9514):	Non-TimingDriven placement will be performed.
*** Starting placeDesign default flow ***
Deleted 0 physical inst  (cell - / prefix -).
*** Starting "NanoPlace(TM) placement v#1 (mem=785.8M)" ...
No user-set net weight.
Options: clkGateAware ignoreScan pinGuide congEffort=auto gpeffort=medium 
Scan chains were not defined.
#std cell=302 (0 fixed + 302 movable) #block=0 (0 floating + 0 preplaced)
#ioInst=0 #net=323 #term=1008 #term/net=3.12, #fixedIo=0, #floatIo=0, #fixedPin=0, #floatPin=26
stdCell: 302 single + 0 double + 0 multi
Total standard cell length = 1.0808 (mm), area = 0.0108 (mm^2)
Estimated cell power/ground rail width = 0.781 um
Average module density = 0.713.
Density for the design = 0.713.
       = stdcell_area 1351 sites (10808 um^2) / alloc_area 1896 sites (15168 um^2).
Pin Density = 0.5207.
            = total # of pins 1008 / total area 1936.
=== lastAutoLevel = 5 
**WARN: (IMPSP-9531):	Turning off clkGateAware when timingDriven is off
Iteration  1: Total net bbox = 1.263e-11 (9.31e-12 3.32e-12)
              Est.  stn bbox = 1.339e-11 (9.84e-12 3.55e-12)
              cpu = 0:00:00.0 real = 0:00:00.0 mem = 793.8M
Iteration  2: Total net bbox = 1.263e-11 (9.31e-12 3.32e-12)
              Est.  stn bbox = 1.339e-11 (9.84e-12 3.55e-12)
              cpu = 0:00:00.0 real = 0:00:00.0 mem = 793.8M
Iteration  3: Total net bbox = 1.460e+00 (6.18e-01 8.42e-01)
              Est.  stn bbox = 1.628e+00 (6.83e-01 9.45e-01)
              cpu = 0:00:00.0 real = 0:00:00.0 mem = 809.8M
Iteration  4: Total net bbox = 5.180e+03 (3.03e+03 2.15e+03)
              Est.  stn bbox = 5.845e+03 (3.41e+03 2.44e+03)
              cpu = 0:00:00.1 real = 0:00:01.0 mem = 809.8M
Iteration  5: Total net bbox = 6.592e+03 (3.89e+03 2.71e+03)
              Est.  stn bbox = 7.407e+03 (4.33e+03 3.08e+03)
              cpu = 0:00:00.1 real = 0:00:00.0 mem = 809.8M
Iteration  6: Total net bbox = 7.289e+03 (4.57e+03 2.72e+03)
              Est.  stn bbox = 8.138e+03 (5.05e+03 3.09e+03)
              cpu = 0:00:00.1 real = 0:00:00.0 mem = 809.8M
Iteration  7: Total net bbox = 7.930e+03 (4.47e+03 3.46e+03)
              Est.  stn bbox = 8.798e+03 (4.92e+03 3.88e+03)
              cpu = 0:00:00.1 real = 0:00:00.0 mem = 809.8M
Iteration  8: Total net bbox = 1.233e+04 (6.86e+03 5.47e+03)
              Est.  stn bbox = 1.376e+04 (7.60e+03 6.16e+03)
              cpu = 0:00:00.0 real = 0:00:00.0 mem = 809.8M
Iteration  9: Total net bbox = 1.233e+04 (6.86e+03 5.47e+03)
              Est.  stn bbox = 1.376e+04 (7.60e+03 6.16e+03)
              cpu = 0:00:00.0 real = 0:00:00.0 mem = 809.8M
*** cost = 1.233e+04 (6.86e+03 5.47e+03) (cpu for global=0:00:00.4) real=0:00:02.0***
net ignore based on current view = 0
Solver runtime cpu: 0:00:00.3 real: 0:00:00.3
Core Placement runtime cpu: 0:00:00.4 real: 0:00:02.0
**WARN: (IMPSP-9025):	No scan chain specified/traced.
Type 'man IMPSP-9025' for more detail.
*** Starting refinePlace (0:03:08 mem=809.8M) ***
Total net bbox length = 1.233e+04 (6.859e+03 5.469e+03) (ext = 4.189e+03)
Move report: Detail placement moves 302 insts, mean move: 5.25 um, max move: 34.49 um
	Max move on inst (U190): (94.73, 96.16) --> (86.40, 70.00)
	Runtime: CPU: 0:00:00.0 REAL: 0:00:00.0 MEM: 815.8MB
Summary Report:
Instances move: 302 (out of 302 movable)
Instances flipped: 0
Mean displacement: 5.25 um
Max displacement: 34.49 um (Instance: U190) (94.73, 96.163) -> (86.4, 70)
	Length: 2 sites, height: 1 rows, site name: core, cell type: INVX2
Total net bbox length = 1.238e+04 (6.707e+03 5.672e+03) (ext = 4.148e+03)
Runtime: CPU: 0:00:00.0 REAL: 0:00:00.0 MEM: 815.8MB
*** Finished refinePlace (0:03:08 mem=815.8M) ***
*** End of Placement (cpu=0:00:00.5, real=0:00:02.0, mem=815.8M) ***
default core: bins with density > 0.750 =  0.00 % ( 0 / 4 )
Density distribution unevenness ratio = 0.000%

Starting congestion repair ...
[NR-eGR] honorMsvRouteConstraint: false
[NR-eGR] honorClockSpecNDR      : 0
[NR-eGR] minRouteLayer          : 2
[NR-eGR] maxRouteLayer          : 127
[NR-eGR] numTracksPerClockWire  : 0
[NR-eGR] metal1 has no routable track
[NR-eGR] metal2 has single uniform track structure
[NR-eGR] metal3 has single uniform track structure
[NR-eGR] metal4 has single uniform track structure
[NR-eGR] metal5 has single uniform track structure
[NR-eGR] metal6 has single uniform track structure
[NR-eGR] Read 58 PG shapes in 0.000 seconds

[NR-eGR] numRoutingBlks=0 numInstBlks=65 numPGBlocks=58 numBumpBlks=0 numBoundaryFakeBlks=0
[NR-eGR] Num Prerouted Nets = 0  Num Prerouted Wires = 0
[NR-eGR] Read numTotalNets=317  numIgnoredNets=0
[NR-eGR] ============ Routing rule table ============
[NR-eGR] Rule id: 0  Nets: 317 
[NR-eGR] ========================================
[NR-eGR] 
[NR-eGR] Layer group 1: route 317 net(s) in layer range [2, 6]
[NR-eGR] earlyGlobalRoute overflow of layer group 1: 0.00% H + 0.00% V. EstWL: 8.600000e+03um
[NR-eGR] 
[NR-eGR] Congestion Analysis By layer: (blocked Gcells are excluded) 
[NR-eGR]                        OverCon            
[NR-eGR]                         #Gcell     %Gcell
[NR-eGR]       Layer                (1)    OverCon 
[NR-eGR] ----------------------------------------------
[NR-eGR]  metal1  (1)         0( 0.00%)   ( 0.00%) 
[NR-eGR]  metal2  (2)         0( 0.00%)   ( 0.00%) 
[NR-eGR]  metal3  (3)         0( 0.00%)   ( 0.00%) 
[NR-eGR]  metal4  (4)         0( 0.00%)   ( 0.00%) 
[NR-eGR]  metal5  (5)         0( 0.00%)   ( 0.00%) 
[NR-eGR]  metal6  (6)         0( 0.00%)   ( 0.00%) 
[NR-eGR] ----------------------------------------------
[NR-eGR] Total                0( 0.00%)   ( 0.00%) 
[NR-eGR] 
[NR-eGR] Overflow after earlyGlobalRoute (GR compatible) 0.00% H + 0.00% V
[NR-eGR] Overflow after earlyGlobalRoute 0.00% H + 0.00% V
Early Global Route congestion estimation runtime: 0.01 seconds, mem = 815.8M
Local HotSpot Analysis: normalized max congestion hotspot area = 0.00, normalized total congestion hotspot area = 0.00 (area is in unit of 4 std-cell row bins)

=== incrementalPlace Internal Loop 1 ===
Skipped repairing congestion.
[NR-eGR] --------------------------------------------------------------------------
[NR-eGR] metal1  (1F) length: 0.000000e+00um, number of vias: 977
[NR-eGR] metal2  (2V) length: 4.609000e+03um, number of vias: 1302
[NR-eGR] metal3  (3H) length: 5.001600e+03um, number of vias: 43
[NR-eGR] metal4  (4V) length: 2.790000e+02um, number of vias: 0
[NR-eGR] metal5  (5H) length: 0.000000e+00um, number of vias: 0
[NR-eGR] metal6  (6V) length: 0.000000e+00um, number of vias: 0
[NR-eGR] Total length: 9.889600e+03um, number of vias: 2322
[NR-eGR] --------------------------------------------------------------------------
[NR-eGR] Total eGR-routed clock nets wire length: 0.000000e+00um 
[NR-eGR] --------------------------------------------------------------------------
Early Global Route wiring runtime: 0.00 seconds, mem = 815.8M
End of congRepair (cpu=0:00:00.0, real=0:00:00.0)
*** Finishing placeDesign default flow ***
**placeDesign ... cpu = 0: 0: 1, real = 0: 0: 2, mem = 809.8M **

*** Summary of all messages that are not suppressed in this session:
Severity  ID               Count  Summary                                  
WARNING   IMPSP-9513           1  Timing constraint file does not exist    
WARNING   IMPSP-9514           1  Non-TimingDriven placement will be perfo...
WARNING   IMPSP-9531           1  Turning off clkGateAware when timingDriv...
WARNING   IMPSP-9025           1  No scan chain specified/traced.          
*** Message Summary: 4 warning(s), 0 error(s)

<CMD> pan -2.290 -18.592
<CMD> setNanoRouteMode -quiet -timingEngine {}
<CMD> setNanoRouteMode -quiet -routeWithTimingDriven 1
<CMD> setNanoRouteMode -quiet -routeTopRoutingLayer default
<CMD> setNanoRouteMode -quiet -routeBottomRoutingLayer default
<CMD> setNanoRouteMode -quiet -drouteEndIteration default
**WARN: (IMPTCM-77):	Option "-routeEcoOnlyInLayers" for command getNanoRouteMode is obsolete and will be removed in a future release. The obsolete option still works in this release but to avoid this warning and to ensure compatibility with future releases, remove the obsolete option from your script.
<CMD> setNanoRouteMode -quiet -routeWithTimingDriven true
<CMD> setNanoRouteMode -quiet -routeWithSiDriven false
Running Native NanoRoute ...
<CMD> routeDesign -globalDetail
#routeDesign: cpu time = 00:00:00, elapsed time = 00:00:00, memory = 744.47 (MB), peak = 745.28 (MB)
#WARNING (NRIG-96) Selected single pass global detail route "-globalDetail". Clock eco and post optimizations will not be run. See "man NRIG-96" for more details.
#No active setup or hold rc corner
#No active RC corner or QRC tech file is missing.
#**INFO: setDesignMode -flowEffort standard
#**INFO: multi-cut via swapping will not be performed after routing.
#**INFO: All auto set options tuned by routeDesign will be restored to their original settings on command completion.
Begin checking placement ... (start mem=897.7M, init mem=897.7M)
*info: Placed = 302           
*info: Unplaced = 0           
Placement Density:69.78%(10808/15488)
Placement Density (including fixed std cells):69.78%(10808/15488)
Finished checkPlace (total: cpu=0:00:00.0, real=0:00:00.0; vio checks: cpu=0:00:00.0, real=0:00:00.0; mem=897.7M)
#WARNING (NRIG-87) Timing file "" not found, resetting timing engine to default for this session.
**WARN: (IMPCK-8086):	The command changeUseClockNetStatus is obsolete and will be removed in the next release. This command still works in this release, but by the next release you must transition to the CCOpt-based CTS flow.

changeUseClockNetStatus Option :  -noFixedNetWires 
*** Changed status on (0) nets in Clock.
*** End changeUseClockNetStatus (cpu=0:00:00.0, real=0:00:00.0, mem=897.7M) ***
#ROUTE-DESIGN-CMD: N5-process: 0 [db_process_node=]

globalDetailRoute

#setNanoRouteMode -routeConcurrentMinimizeViaCountEffort "high"
#setNanoRouteMode -routeReserveSpaceForMultiCut true
#setNanoRouteMode -routeWithSiDriven false
#setNanoRouteMode -routeWithTimingDriven true
#Start globalDetailRoute on Wed Nov  2 18:45:34 2022
#
#Generating timing data, please wait...
#323 total nets, 0 already routed, 0 will ignore in trialRoute
**WARN: (IMPEXT-3530):	The process node is not set. Use the command setDesignMode -process <process node> prior to extraction for maximum accuracy and optimal automatic threshold setting.
**WARN: (IMPEXT-6197):	The Cap table file is not specified. This will result in lower parasitic accuracy when using preRoute extraction or postRoute extraction with effort level 'low'. It is recommended to generate the Cap table file using the 'generateCapTbl' command and specify it before extraction using 'create_rc_corner/update_rc_corner -cap_table'.
#Dump tif for version 2.1
**ERROR: (IMPDC-634):	Failed to build the timing graph since timing library files have not yet been loaded. To resolve this, check that timing library files have been correctly specified in the loaded design database.
**ERROR: (IMPDC-634):	Failed to build the timing graph since timing library files have not yet been loaded. To resolve this, check that timing library files have been correctly specified in the loaded design database.
**WARN: (IMPEXT-2882):	Unable to find the resistance for via 'M2_M1' in Cap table or LEF or OA files. The default value of 4.0 ohms is being assigned. To avoid this, check the Cap table and LEF and OA files, provide the resistance and read the files again.
**WARN: (IMPEXT-2882):	Unable to find the resistance for via 'M3_M2' in Cap table or LEF or OA files. The default value of 4.0 ohms is being assigned. To avoid this, check the Cap table and LEF and OA files, provide the resistance and read the files again.
**WARN: (IMPEXT-2882):	Unable to find the resistance for via 'M4_M3' in Cap table or LEF or OA files. The default value of 4.0 ohms is being assigned. To avoid this, check the Cap table and LEF and OA files, provide the resistance and read the files again.
Total number of fetched objects 323
End delay calculation. (MEM=1018.36 CPU=0:00:00.0 REAL=0:00:00.0)
**WARN: (IMPEXT-3493):	The design extraction status has been reset by set_analysis_view/update_rc_corner or setExtractRCMode  command. The parasitic data can be regenerated either by extracting the design using the extractRC command or by loading the SPEF or RCDB file(s). To prevent resetting of the extraction status, avoid changing extraction modes.
#Generating timing data took: cpu time = 00:00:00, elapsed time = 00:00:00, memory = 755.77 (MB), peak = 769.84 (MB)
#Done generating timing data.
#WARNING (NRIG-1303) Congestion map does not match the GCELL grid, clearing map.
#WARNING (NRIG-39) NanoRoute cannot route to pin PIN/speed[7] of net speed[7] because it might be a logical pin and does not have physical shapes. To fix the problem, check the pin connection in the netlist and ensure the pin shapes exist in the floorplan.
#WARNING (NRIG-39) NanoRoute cannot route to pin PIN/speed[6] of net speed[6] because it might be a logical pin and does not have physical shapes. To fix the problem, check the pin connection in the netlist and ensure the pin shapes exist in the floorplan.
#WARNING (NRIG-39) NanoRoute cannot route to pin PIN/speed[5] of net speed[5] because it might be a logical pin and does not have physical shapes. To fix the problem, check the pin connection in the netlist and ensure the pin shapes exist in the floorplan.
#WARNING (NRIG-39) NanoRoute cannot route to pin PIN/speed[4] of net speed[4] because it might be a logical pin and does not have physical shapes. To fix the problem, check the pin connection in the netlist and ensure the pin shapes exist in the floorplan.
#WARNING (NRIG-39) NanoRoute cannot route to pin PIN/speed[3] of net speed[3] because it might be a logical pin and does not have physical shapes. To fix the problem, check the pin connection in the netlist and ensure the pin shapes exist in the floorplan.
#WARNING (NRIG-39) NanoRoute cannot route to pin PIN/speed[2] of net speed[2] because it might be a logical pin and does not have physical shapes. To fix the problem, check the pin connection in the netlist and ensure the pin shapes exist in the floorplan.
#WARNING (NRIG-39) NanoRoute cannot route to pin PIN/speed[1] of net speed[1] because it might be a logical pin and does not have physical shapes. To fix the problem, check the pin connection in the netlist and ensure the pin shapes exist in the floorplan.
#WARNING (NRIG-39) NanoRoute cannot route to pin PIN/speed[0] of net speed[0] because it might be a logical pin and does not have physical shapes. To fix the problem, check the pin connection in the netlist and ensure the pin shapes exist in the floorplan.
#WARNING (NRIG-39) NanoRoute cannot route to pin PIN/cruisespeed[7] of net cruisespeed[7] because it might be a logical pin and does not have physical shapes. To fix the problem, check the pin connection in the netlist and ensure the pin shapes exist in the floorplan.
#WARNING (NRIG-39) NanoRoute cannot route to pin PIN/cruisespeed[6] of net cruisespeed[6] because it might be a logical pin and does not have physical shapes. To fix the problem, check the pin connection in the netlist and ensure the pin shapes exist in the floorplan.
#WARNING (NRIG-39) NanoRoute cannot route to pin PIN/cruisespeed[5] of net cruisespeed[5] because it might be a logical pin and does not have physical shapes. To fix the problem, check the pin connection in the netlist and ensure the pin shapes exist in the floorplan.
#WARNING (NRIG-39) NanoRoute cannot route to pin PIN/cruisespeed[4] of net cruisespeed[4] because it might be a logical pin and does not have physical shapes. To fix the problem, check the pin connection in the netlist and ensure the pin shapes exist in the floorplan.
#WARNING (NRIG-39) NanoRoute cannot route to pin PIN/cruisespeed[3] of net cruisespeed[3] because it might be a logical pin and does not have physical shapes. To fix the problem, check the pin connection in the netlist and ensure the pin shapes exist in the floorplan.
#WARNING (NRIG-39) NanoRoute cannot route to pin PIN/cruisespeed[2] of net cruisespeed[2] because it might be a logical pin and does not have physical shapes. To fix the problem, check the pin connection in the netlist and ensure the pin shapes exist in the floorplan.
#WARNING (NRIG-39) NanoRoute cannot route to pin PIN/cruisespeed[1] of net cruisespeed[1] because it might be a logical pin and does not have physical shapes. To fix the problem, check the pin connection in the netlist and ensure the pin shapes exist in the floorplan.
#WARNING (NRIG-39) NanoRoute cannot route to pin PIN/cruisespeed[0] of net cruisespeed[0] because it might be a logical pin and does not have physical shapes. To fix the problem, check the pin connection in the netlist and ensure the pin shapes exist in the floorplan.
#WARNING (NRIG-39) NanoRoute cannot route to pin PIN/clk of net clk because it might be a logical pin and does not have physical shapes. To fix the problem, check the pin connection in the netlist and ensure the pin shapes exist in the floorplan.
#WARNING (NRIG-39) NanoRoute cannot route to pin PIN/reset of net reset because it might be a logical pin and does not have physical shapes. To fix the problem, check the pin connection in the netlist and ensure the pin shapes exist in the floorplan.
#WARNING (NRIG-39) NanoRoute cannot route to pin PIN/throttle of net throttle because it might be a logical pin and does not have physical shapes. To fix the problem, check the pin connection in the netlist and ensure the pin shapes exist in the floorplan.
#WARNING (NRIG-39) NanoRoute cannot route to pin PIN/set of net set because it might be a logical pin and does not have physical shapes. To fix the problem, check the pin connection in the netlist and ensure the pin shapes exist in the floorplan.
#WARNING (EMS-27) Message (NRIG-39) has exceeded the current message display limit of 20.
#To increase the message display limit, refer to the product command reference manual.
#WARNING (NRDB-2005) SPECIAL_NET vdd has special wires but no definitions for instance pins or top level pins. This will cause routability problems later.
#WARNING (NRDB-2005) SPECIAL_NET gnd has special wires but no definitions for instance pins or top level pins. This will cause routability problems later.
#WARNING (NRDB-976) The TRACK STEP 1.2000 for preferred direction tracks is smaller than the PITCH 1.6000 for LAYER metal6. This will cause routability problems for NanoRoute.
#Start reading timing information from file .timing_file_13670.tif.gz ...
#WARNING (NRDB-194) 
#No setup time constraints read in
#Read in timing information for 26 ports, 302 instances from timing file .timing_file_13670.tif.gz.
#NanoRoute Version 18.10-p002_1 NR180522-1057/18_10-UB
#Start routing data preparation on Wed Nov  2 18:45:35 2022
#
#WARNING (NRDB-2077) The below via enclosure for LAYER metal1 is not specified for width 0.3000.
#WARNING (NRDB-2078) The above via enclosure for LAYER metal2 is not specified for width 0.3000.
#WARNING (NRDB-2077) The below via enclosure for LAYER metal1 is not specified for width 0.3000.
#WARNING (NRDB-2078) The above via enclosure for LAYER metal2 is not specified for width 0.3000.
#WARNING (NRDB-2077) The below via enclosure for LAYER metal2 is not specified for width 0.3000.
#WARNING (NRDB-2078) The above via enclosure for LAYER metal3 is not specified for width 0.3000.
#WARNING (NRDB-2077) The below via enclosure for LAYER metal2 is not specified for width 0.3000.
#WARNING (NRDB-2078) The above via enclosure for LAYER metal3 is not specified for width 0.3000.
#WARNING (NRDB-2077) The below via enclosure for LAYER metal3 is not specified for width 0.3000.
#WARNING (NRDB-2078) The above via enclosure for LAYER metal4 is not specified for width 0.3000.
#WARNING (NRDB-2077) The below via enclosure for LAYER metal3 is not specified for width 0.3000.
#WARNING (NRDB-2078) The above via enclosure for LAYER metal4 is not specified for width 0.3000.
#WARNING (NRDB-2077) The below via enclosure for LAYER metal4 is not specified for width 0.3000.
#WARNING (NRDB-2078) The above via enclosure for LAYER metal5 is not specified for width 0.3000.
#WARNING (NRDB-2077) The below via enclosure for LAYER metal4 is not specified for width 0.3000.
#WARNING (NRDB-2078) The above via enclosure for LAYER metal5 is not specified for width 0.3000.
#WARNING (NRDB-2077) The below via enclosure for LAYER metal5 is not specified for width 0.3000.
#WARNING (NRDB-2078) The above via enclosure for LAYER metal6 is not specified for width 0.5000.
#WARNING (NRDB-2077) The below via enclosure for LAYER metal5 is not specified for width 0.3000.
#WARNING (NRDB-2078) The above via enclosure for LAYER metal6 is not specified for width 0.5000.
# metal1       H   Track-Pitch = 1.0000    Line-2-Via Pitch = 0.6500
# metal2       V   Track-Pitch = 0.8000    Line-2-Via Pitch = 0.6500
# metal3       H   Track-Pitch = 1.0000    Line-2-Via Pitch = 0.6500
# metal4       V   Track-Pitch = 0.8000    Line-2-Via Pitch = 0.6500
# metal5       H   Track-Pitch = 1.0000    Line-2-Via Pitch = 0.6500
# metal6       V   Track-Pitch = 1.2000    Line-2-Via Pitch = 1.0000
#Regenerating Ggrids automatically.
#Auto generating G-grids with size=15 tracks, using layer metal3's pitch = 1.0000.
#Using automatically generated G-grids.
#Done routing data preparation.
#cpu time = 00:00:00, elapsed time = 00:00:00, memory = 748.37 (MB), peak = 781.69 (MB)
#Merging special wires...
#
#Finished routing data preparation on Wed Nov  2 18:45:35 2022
#
#Cpu time = 00:00:00
#Elapsed time = 00:00:00
#Increased memory = 6.93 (MB)
#Total memory = 748.59 (MB)
#Peak memory = 781.69 (MB)
#
#
#Start global routing on Wed Nov  2 18:45:35 2022
#
#Number of eco nets is 0
#
#Start global routing data preparation on Wed Nov  2 18:45:35 2022
#
#Start routing resource analysis on Wed Nov  2 18:45:35 2022
#
#Routing resource analysis is done on Wed Nov  2 18:45:35 2022
#
#  Resource Analysis:
#
#               Routing  #Avail      #Track     #Total     %Gcell
#  Layer      Direction   Track     Blocked      Gcell    Blocked
#  --------------------------------------------------------------
#  metal1         H         170           0         143    46.85%
#  metal2         V         189          63         143     0.00%
#  metal3         H         127          43         143     0.00%
#  metal4         V         252           0         143     0.00%
#  metal5         H         170           0         143     0.00%
#  metal6         V         167           0         143     0.00%
#  --------------------------------------------------------------
#  Total                   1075       8.33%         858     7.81%
#
#
#
#
#Global routing data preparation is done on Wed Nov  2 18:45:35 2022
#
#cpu time = 00:00:00, elapsed time = 00:00:00, memory = 748.96 (MB), peak = 781.69 (MB)
#
#cpu time = 00:00:00, elapsed time = 00:00:00, memory = 748.97 (MB), peak = 781.69 (MB)
#
#start global routing iteration 1...
#Initial_route: 0.00593
#Reroute: 0.00860
#cpu time = 00:00:00, elapsed time = 00:00:00, memory = 750.41 (MB), peak = 781.69 (MB)
#
#start global routing iteration 2...
#cpu time = 00:00:00, elapsed time = 00:00:00, memory = 750.57 (MB), peak = 781.69 (MB)
#
#
#Total number of trivial nets (e.g. < 2 pins) = 12 (skipped).
#Total number of routable nets = 317.
#Total number of nets in the design = 329.
#
#317 routable nets have only global wires.
#
#Routed nets constraints summary:
#-----------------------------
#        Rules   Unconstrained  
#-----------------------------
#      Default             317  
#-----------------------------
#        Total             317  
#-----------------------------
#
#Routing constraints summary of the whole design:
#-----------------------------
#        Rules   Unconstrained  
#-----------------------------
#      Default             317  
#-----------------------------
#        Total             317  
#-----------------------------
#
#
#  Congestion Analysis: (blocked Gcells are excluded)
#
#                 OverCon       OverCon          
#                  #Gcell        #Gcell    %Gcell
#     Layer           (1)           (2)   OverCon
#  ----------------------------------------------
#  metal1        0(0.00%)      0(0.00%)   (0.00%)
#  metal2        0(0.00%)      1(0.70%)   (0.70%)
#  metal3        0(0.00%)      0(0.00%)   (0.00%)
#  metal4        0(0.00%)      0(0.00%)   (0.00%)
#  metal5        0(0.00%)      0(0.00%)   (0.00%)
#  metal6        0(0.00%)      0(0.00%)   (0.00%)
#  ----------------------------------------------
#     Total      0(0.00%)      1(0.12%)   (0.12%)
#
#  The worst congested Gcell overcon (routing demand over resource in number of tracks) = 2
#  Overflow after GR: 0.00% H + 0.12% V
#
[hotspot] +------------+---------------+---------------+
[hotspot] |            |   max hotspot | total hotspot |
[hotspot] +------------+---------------+---------------+
[hotspot] | normalized |          0.00 |          0.00 |
[hotspot] +------------+---------------+---------------+
Local HotSpot Analysis: normalized max congestion hotspot area = 0.00, normalized total congestion hotspot area = 0.00 (area is in unit of 4 std-cell row bins)
#Hotspot report including placement blocked areas
[hotspot] +------------+---------------+---------------+
[hotspot] |    layer   |  max hotspot  | total hotspot |
[hotspot] +------------+---------------+---------------+
[hotspot] |   metal1(H)   |          6.00 |          6.00 |
[hotspot] |   metal2(V)   |          0.00 |          0.00 |
[hotspot] |   metal3(H)   |          0.00 |          0.00 |
[hotspot] |   metal4(V)   |          0.00 |          0.00 |
[hotspot] |   metal5(H)   |          0.00 |          0.00 |
[hotspot] |   metal6(V)   |          0.00 |          0.00 |
[hotspot] +------------+---------------+---------------+
[hotspot] |   worst    |(metal1     6.00 |(metal1     6.00 |
[hotspot] +------------+---------------+---------------+
[hotspot] | all layers |          0.00 |          0.00 |
[hotspot] +------------+---------------+---------------+
Local HotSpot Analysis (3d): normalized congestion max/total hotspot area = 0.00/0.00 (area is in unit of 4 std-cell row bins)
#Complete Global Routing.
#Total wire length = 9148 um.
#Total half perimeter of net bounding box = 10143 um.
#Total wire length on LAYER metal1 = 255 um.
#Total wire length on LAYER metal2 = 2938 um.
#Total wire length on LAYER metal3 = 3705 um.
#Total wire length on LAYER metal4 = 1500 um.
#Total wire length on LAYER metal5 = 750 um.
#Total wire length on LAYER metal6 = 0 um.
#Total number of vias = 1572
#Up-Via Summary (total 1572):
#           
#-----------------------
# metal1            908
# metal2            461
# metal3            154
# metal4             49
#-----------------------
#                  1572 
#
#Max overcon = 2 tracks.
#Total overcon = 0.12%.
#Worst layer Gcell overcon rate = 0.00%.
#
#Global routing statistics:
#Cpu time = 00:00:00
#Elapsed time = 00:00:00
#Increased memory = 3.14 (MB)
#Total memory = 751.80 (MB)
#Peak memory = 781.69 (MB)
#
#Finished global routing on Wed Nov  2 18:45:35 2022
#
#
#cpu time = 00:00:00, elapsed time = 00:00:00, memory = 751.16 (MB), peak = 781.69 (MB)
#Start Track Assignment.
#Done with 286 horizontal wires in 1 hboxes and 284 vertical wires in 1 hboxes.
#Done with 48 horizontal wires in 1 hboxes and 55 vertical wires in 1 hboxes.
#Done with 1 horizontal wires in 1 hboxes and 1 vertical wires in 1 hboxes.
#
#Track assignment summary:
# layer   (wire length)   (overlap)     (long ovlp)	(with obs/pg/clk)  
#------------------------------------------------------------------------
# metal1       207.95 	  0.00%  	  0.00% 	  0.00%
# metal2      2683.10 	  0.11%  	  0.00% 	  0.07%
# metal3      3617.35 	  0.57%  	  0.00% 	  0.00%
# metal4      1329.10 	  0.07%  	  0.00% 	  0.00%
# metal5       736.95 	  0.00%  	  0.00% 	  0.00%
# metal6         0.00 	  0.00%  	  0.00% 	  0.00%
#------------------------------------------------------------------------
# All        8574.45  	  0.29% 	  0.00% 	  0.00%
#Complete Track Assignment.
#Total wire length = 10032 um.
#Total half perimeter of net bounding box = 10143 um.
#Total wire length on LAYER metal1 = 1045 um.
#Total wire length on LAYER metal2 = 2694 um.
#Total wire length on LAYER metal3 = 4143 um.
#Total wire length on LAYER metal4 = 1391 um.
#Total wire length on LAYER metal5 = 759 um.
#Total wire length on LAYER metal6 = 0 um.
#Total number of vias = 1572
#Up-Via Summary (total 1572):
#           
#-----------------------
# metal1            908
# metal2            461
# metal3            154
# metal4             49
#-----------------------
#                  1572 
#
#cpu time = 00:00:00, elapsed time = 00:00:00, memory = 752.08 (MB), peak = 781.69 (MB)
#
#Routing data preparation, pin analysis, global routing and track assignment statistics:
#Cpu time = 00:00:00
#Elapsed time = 00:00:00
#Increased memory = 10.68 (MB)
#Total memory = 752.15 (MB)
#Peak memory = 781.69 (MB)
#
#Start Detail Routing..
#start initial detail routing ...
#   number of violations = 3
#
#    By Layer and Type :
#	         MetSpc   Totals
#	metal1        3        3
#	Totals        3        3
#cpu time = 00:00:00, elapsed time = 00:00:00, memory = 804.80 (MB), peak = 804.82 (MB)
#start 1st optimization iteration ...
#   number of violations = 0
#cpu time = 00:00:00, elapsed time = 00:00:00, memory = 804.27 (MB), peak = 805.08 (MB)
#Complete Detail Routing.
#Total wire length = 9027 um.
#Total half perimeter of net bounding box = 10143 um.
#Total wire length on LAYER metal1 = 896 um.
#Total wire length on LAYER metal2 = 4274 um.
#Total wire length on LAYER metal3 = 3669 um.
#Total wire length on LAYER metal4 = 157 um.
#Total wire length on LAYER metal5 = 32 um.
#Total wire length on LAYER metal6 = 0 um.
#Total number of vias = 1436
#Up-Via Summary (total 1436):
#           
#-----------------------
# metal1            907
# metal2            513
# metal3             14
# metal4              2
#-----------------------
#                  1436 
#
#Total number of DRC violations = 0
#Cpu time = 00:00:00
#Elapsed time = 00:00:01
#Increased memory = 4.33 (MB)
#Total memory = 756.48 (MB)
#Peak memory = 805.08 (MB)
#
#Start Post Route wire spreading..
#
#Start DRC checking..
#   number of violations = 0
#cpu time = 00:00:00, elapsed time = 00:00:00, memory = 792.84 (MB), peak = 805.08 (MB)
#CELL_VIEW cruisecontrol,init has no DRC violation.
#Total number of DRC violations = 0
#
#Start data preparation for wire spreading...
#
#Data preparation is done on Wed Nov  2 18:45:36 2022
#
#
#Start Post Route Wire Spread.
#Done with 112 horizontal wires in 1 hboxes and 63 vertical wires in 1 hboxes.
#Complete Post Route Wire Spread.
#
#Total wire length = 9328 um.
#Total half perimeter of net bounding box = 10143 um.
#Total wire length on LAYER metal1 = 902 um.
#Total wire length on LAYER metal2 = 4336 um.
#Total wire length on LAYER metal3 = 3901 um.
#Total wire length on LAYER metal4 = 157 um.
#Total wire length on LAYER metal5 = 32 um.
#Total wire length on LAYER metal6 = 0 um.
#Total number of vias = 1436
#Up-Via Summary (total 1436):
#           
#-----------------------
# metal1            907
# metal2            513
# metal3             14
# metal4              2
#-----------------------
#                  1436 
#
#
#Start DRC checking..
#   number of violations = 0
#cpu time = 00:00:00, elapsed time = 00:00:00, memory = 793.94 (MB), peak = 805.08 (MB)
#CELL_VIEW cruisecontrol,init has no DRC violation.
#Total number of DRC violations = 0
#   number of violations = 0
#cpu time = 00:00:00, elapsed time = 00:00:00, memory = 758.04 (MB), peak = 805.08 (MB)
#CELL_VIEW cruisecontrol,init has no DRC violation.
#Total number of DRC violations = 0
#Post Route wire spread is done.
#Total wire length = 9328 um.
#Total half perimeter of net bounding box = 10143 um.
#Total wire length on LAYER metal1 = 902 um.
#Total wire length on LAYER metal2 = 4336 um.
#Total wire length on LAYER metal3 = 3901 um.
#Total wire length on LAYER metal4 = 157 um.
#Total wire length on LAYER metal5 = 32 um.
#Total wire length on LAYER metal6 = 0 um.
#Total number of vias = 1436
#Up-Via Summary (total 1436):
#           
#-----------------------
# metal1            907
# metal2            513
# metal3             14
# metal4              2
#-----------------------
#                  1436 
#
#detailRoute Statistics:
#Cpu time = 00:00:01
#Elapsed time = 00:00:01
#Increased memory = 4.54 (MB)
#Total memory = 756.69 (MB)
#Peak memory = 805.08 (MB)
#
#globalDetailRoute statistics:
#Cpu time = 00:00:01
#Elapsed time = 00:00:01
#Increased memory = 21.57 (MB)
#Total memory = 766.22 (MB)
#Peak memory = 805.08 (MB)
#Number of warnings = 46
#Total number of warnings = 48
#Number of fails = 0
#Total number of fails = 0
#Complete globalDetailRoute on Wed Nov  2 18:45:36 2022
#
#routeDesign: cpu time = 00:00:01, elapsed time = 00:00:01, memory = 766.29 (MB), peak = 805.08 (MB)

*** Summary of all messages that are not suppressed in this session:
Severity  ID               Count  Summary                                  
WARNING   IMPEXT-6197          1  The Cap table file is not specified. Thi...
WARNING   IMPEXT-2882          3  Unable to find the resistance for via '%...
WARNING   IMPEXT-3493          1  The design extraction status has been re...
WARNING   IMPEXT-3530          1  The process node is not set. Use the com...
WARNING   IMPCK-8086           1  The command %s is obsolete and will be r...
ERROR     IMPDC-634            2  Failed to build the timing graph since t...
*** Message Summary: 7 warning(s), 2 error(s)

<CMD> saveDesign cruisecontrol
#% Begin save design ... (date=11/02 18:55:01, mem=768.3M)
% Begin Save ccopt configuration ... (date=11/02 18:55:01, mem=768.3M)
% End Save ccopt configuration ... (date=11/02 18:55:02, total cpu=0:00:00.0, real=0:00:01.0, peak res=769.0M, current mem=769.0M)
% Begin Save netlist data ... (date=11/02 18:55:02, mem=788.7M)
Writing Binary DB to cruisecontrol.dat/cruisecontrol.v.bin in single-threaded mode...
% End Save netlist data ... (date=11/02 18:55:02, total cpu=0:00:00.0, real=0:00:00.0, peak res=788.8M, current mem=788.8M)
Saving congestion map file cruisecontrol.dat/cruisecontrol.route.congmap.gz ...
% Begin Save AAE data ... (date=11/02 18:55:02, mem=789.1M)
Saving AAE Data ...
% End Save AAE data ... (date=11/02 18:55:02, total cpu=0:00:00.0, real=0:00:00.0, peak res=789.2M, current mem=789.2M)
% Begin Save clock tree data ... (date=11/02 18:55:02, mem=789.3M)
% End Save clock tree data ... (date=11/02 18:55:02, total cpu=0:00:00.0, real=0:00:00.0, peak res=789.3M, current mem=789.3M)
Saving preference file cruisecontrol.dat/gui.pref.tcl ...
Saving mode setting ...
Saving global file ...
% Begin Save floorplan data ... (date=11/02 18:55:02, mem=789.8M)
Saving floorplan file ...
% End Save floorplan data ... (date=11/02 18:55:02, total cpu=0:00:00.0, real=0:00:00.0, peak res=789.8M, current mem=789.8M)
Saving Drc markers ...
... No Drc file written since there is no markers found.
% Begin Save placement data ... (date=11/02 18:55:02, mem=789.9M)
** Saving stdCellPlacement_binary (version# 2) ...
% End Save placement data ... (date=11/02 18:55:02, total cpu=0:00:00.0, real=0:00:00.0, peak res=789.9M, current mem=789.9M)
% Begin Save routing data ... (date=11/02 18:55:02, mem=789.9M)
Saving route file ...
*** Completed saveRoute (cpu=0:00:00.0 real=0:00:00.0 mem=1015.3M) ***
% End Save routing data ... (date=11/02 18:55:02, total cpu=0:00:00.0, real=0:00:00.0, peak res=791.0M, current mem=791.0M)
Saving property file cruisecontrol.dat/cruisecontrol.prop
*** Completed saveProperty (cpu=0:00:00.0 real=0:00:00.0 mem=1015.3M) ***
#Saving pin access data to file cruisecontrol.dat/cruisecontrol.apa ...
#
% Begin Save power constraints data ... (date=11/02 18:55:02, mem=791.4M)
% End Save power constraints data ... (date=11/02 18:55:02, total cpu=0:00:00.0, real=0:00:00.0, peak res=791.5M, current mem=791.5M)
Generated self-contained design cruisecontrol.dat
#% End save design ... (date=11/02 18:55:03, total cpu=0:00:00.5, real=0:00:02.0, peak res=792.8M, current mem=792.8M)
*** Message Summary: 0 warning(s), 0 error(s)

<CMD> saveDesign cruisecontrol.enc
#% Begin save design ... (date=11/02 18:56:52, mem=793.9M)
% Begin Save ccopt configuration ... (date=11/02 18:56:52, mem=793.9M)
% End Save ccopt configuration ... (date=11/02 18:56:52, total cpu=0:00:00.0, real=0:00:00.0, peak res=793.9M, current mem=793.9M)
% Begin Save netlist data ... (date=11/02 18:56:52, mem=793.9M)
Writing Binary DB to cruisecontrol.enc.dat/cruisecontrol.v.bin in single-threaded mode...
% End Save netlist data ... (date=11/02 18:56:52, total cpu=0:00:00.0, real=0:00:00.0, peak res=794.0M, current mem=794.0M)
Saving congestion map file cruisecontrol.enc.dat/cruisecontrol.route.congmap.gz ...
% Begin Save AAE data ... (date=11/02 18:56:52, mem=794.0M)
Saving AAE Data ...
% End Save AAE data ... (date=11/02 18:56:53, total cpu=0:00:00.0, real=0:00:01.0, peak res=794.0M, current mem=794.0M)
% Begin Save clock tree data ... (date=11/02 18:56:53, mem=794.0M)
% End Save clock tree data ... (date=11/02 18:56:53, total cpu=0:00:00.0, real=0:00:00.0, peak res=794.0M, current mem=794.0M)
Saving preference file cruisecontrol.enc.dat/gui.pref.tcl ...
Saving mode setting ...
Saving global file ...
% Begin Save floorplan data ... (date=11/02 18:56:53, mem=794.0M)
Saving floorplan file ...
% End Save floorplan data ... (date=11/02 18:56:53, total cpu=0:00:00.0, real=0:00:00.0, peak res=794.0M, current mem=794.0M)
Saving Drc markers ...
... No Drc file written since there is no markers found.
% Begin Save placement data ... (date=11/02 18:56:53, mem=794.0M)
** Saving stdCellPlacement_binary (version# 2) ...
% End Save placement data ... (date=11/02 18:56:53, total cpu=0:00:00.0, real=0:00:00.0, peak res=794.0M, current mem=794.0M)
% Begin Save routing data ... (date=11/02 18:56:53, mem=794.0M)
Saving route file ...
*** Completed saveRoute (cpu=0:00:00.0 real=0:00:00.0 mem=1025.4M) ***
% End Save routing data ... (date=11/02 18:56:53, total cpu=0:00:00.0, real=0:00:00.0, peak res=795.0M, current mem=795.0M)
Saving property file cruisecontrol.enc.dat/cruisecontrol.prop
*** Completed saveProperty (cpu=0:00:00.0 real=0:00:00.0 mem=1025.4M) ***
#Saving pin access data to file cruisecontrol.enc.dat/cruisecontrol.apa ...
#
% Begin Save power constraints data ... (date=11/02 18:56:53, mem=795.0M)
% End Save power constraints data ... (date=11/02 18:56:53, total cpu=0:00:00.0, real=0:00:00.0, peak res=795.0M, current mem=795.0M)
Generated self-contained design cruisecontrol.enc.dat
#% End save design ... (date=11/02 18:56:54, total cpu=0:00:00.4, real=0:00:02.0, peak res=795.0M, current mem=794.0M)
*** Message Summary: 0 warning(s), 0 error(s)

<CMD> reset_parasitics
Performing RC Extraction ...
<CMD> extractRC
Extraction called for design 'cruisecontrol' of instances=302 and nets=329 using extraction engine 'preRoute' .
**WARN: (IMPEXT-3530):	The process node is not set. Use the command setDesignMode -process <process node> prior to extraction for maximum accuracy and optimal automatic threshold setting.
Type 'man IMPEXT-3530' for more detail.
PreRoute RC Extraction called for design cruisecontrol.
**WARN: (IMPEXT-6197):	The Cap table file is not specified. This will result in lower parasitic accuracy when using preRoute extraction or postRoute extraction with effort level 'low'. It is recommended to generate the Cap table file using the 'generateCapTbl' command and specify it before extraction using 'create_rc_corner/update_rc_corner -cap_table'.
Type 'man IMPEXT-6197' for more detail.
RCMode: PreRoute
Capacitance Scaling Factor   : 1.00000
Resistance Scaling Factor    : 1.00000
Clock Cap Scaling Factor    : 1.00000
Clock Res Scaling Factor     : 1.00000
Shrink Factor                : 1.00000
PreRoute extraction is honoring NDR/Shielding/ExtraSpace for clock nets.
Updating RC grid for preRoute extraction ...
PreRoute RC Extraction DONE (CPU Time: 0:00:00.0  Real Time: 0:00:00.0  MEM: 1018.387M)
<CMD> rcOut -spef cruisecontrol.spef
   RC-typical , Operating temperature 25 C
**WARN: (IMPEXT-2882):	Unable to find the resistance for via 'M5_M4' in Cap table or LEF or OA files. The default value of 4.0 ohms is being assigned. To avoid this, check the Cap table and LEF and OA files, provide the resistance and read the files again.
<CMD> dumpToGIF cruisecontrol

--------------------------------------------------------------------------------
Exiting Innovus on Wed Nov  2 19:28:05 2022
  Total CPU time:     0:13:14
  Total real time:    0:58:13
  Peak memory (main): 806.79MB


*** Memory Usage v#1 (Current mem = 1029.777M, initial mem = 259.492M) ***
*** Message Summary: 39 warning(s), 4 error(s)

--- Ending "Innovus" (totcpu=0:13:14, real=0:58:11, mem=1029.8M) ---
